<?xml version='1.0'?>
<ns2:test-suite xmlns:ns2='urn:model.allure.qatools.yandex.ru' start='1664806281464' stop='1664806286949'>
    <name>My first non angular class</name>
    <title>My first non angular class</title>
    <test-cases>
        <test-case start='1664806281464' status='failed' stop='1664806286694'>
            <name>should navigate to stack overflow login page</name>
            <title>should navigate to stack overflow login page</title>
            <labels/>
            <parameters/>
            <steps/>
            <attachments>
                <attachment title='Screenshot' source='05e2ab1a-613b-4c26-b624-423ec07a5a2f-attachment.png' type='image/png' size='3480'/>
            </attachments>
            <failure>
                <message>Error: Error while waiting for Protractor to sync with the page: "both angularJS testability and angular testability are undefined.  This could be either because this is a non-angular page or because your test involves client-side navigation, which can interfere with Protractor's bootstrapping.  See http://git.io/v4gXM for details"</message>
                <stack-trace>Error: Error while waiting for Protractor to sync with the page: "both angularJS testability and angular testability are undefined.  This could be either because this is a non-angular page or because your test involves client-side navigation, which can interfere with Protractor's bootstrapping.  See http://git.io/v4gXM for details"
                    at C:\Users\RBT\AppData\Roaming\npm\node_modules\protractor\built\browser.js:461:23
                    at ManagedPromise.invokeCallback_ (C:\Users\RBT\AppData\Roaming\npm\node_modules\protractor\node_modules\selenium-webdriver\lib\promise.js:1376:14)
                    at TaskQueue.execute_ (C:\Users\RBT\AppData\Roaming\npm\node_modules\protractor\node_modules\selenium-webdriver\lib\promise.js:3084:14)
                    at TaskQueue.executeNext_ (C:\Users\RBT\AppData\Roaming\npm\node_modules\protractor\node_modules\selenium-webdriver\lib\promise.js:3067:27)
                    at C:\Users\RBT\AppData\Roaming\npm\node_modules\protractor\node_modules\selenium-webdriver\lib\promise.js:2927:27
                    at C:\Users\RBT\AppData\Roaming\npm\node_modules\protractor\node_modules\selenium-webdriver\lib\promise.js:668:7
                    at processTicksAndRejections (internal/process/task_queues.js:97:5)Error
                    at ElementArrayFinder.applyAction_ (C:\Users\RBT\AppData\Roaming\npm\node_modules\protractor\built\element.js:459:27)
                    at ElementArrayFinder.&lt;computed> [as getText] (C:\Users\RBT\AppData\Roaming\npm\node_modules\protractor\built\element.js:91:29)
                    at ElementFinder.&lt;computed> [as getText] (C:\Users\RBT\AppData\Roaming\npm\node_modules\protractor\built\element.js:831:22)
                    at E:\Protractor\03-10\Protractorframework\Testcase\Smoke\product1vijaysales.js:24:46
                    at Array.forEach (&lt;anonymous>)
                    at Suite.&lt;anonymous> (E:\Protractor\03-10\Protractorframework\Testcase\Smoke\product1vijaysales.js:11:21)
                    at addSpecsToSuite (C:\Users\RBT\AppData\Roaming\npm\node_modules\protractor\node_modules\jasmine-core\lib\jasmine-core\jasmine.js:1107:25)
                    at Env.describe (C:\Users\RBT\AppData\Roaming\npm\node_modules\protractor\node_modules\jasmine-core\lib\jasmine-core\jasmine.js:1074:7)
                    at describe (C:\Users\RBT\AppData\Roaming\npm\node_modules\protractor\node_modules\jasmine-core\lib\jasmine-core\jasmine.js:4399:18)
                    at Object.&lt;anonymous> (E:\Protractor\03-10\Protractorframework\Testcase\Smoke\product1vijaysales.js:4:1)</stack-trace>
            </failure>
        </test-case>
        <test-case start='1664806286694' status='failed' stop='1664806286833'>
            <name>My function</name>
            <title>My function</title>
            <labels/>
            <parameters/>
            <steps>
                <step start='1664806286695' status='passed' stop='1664806286696'>
                    <name>verified that user able to search the products in search box</name>
                    <title>verified that user able to search the products in search box</title>
                    <attachments/>
                    <steps/>
                </step>
            </steps>
            <attachments>
                <attachment title='Screenshot' source='1f4404bb-278d-47a4-9541-3609d5943e69-attachment.png' type='image/png' size='3480'/>
            </attachments>
            <failure>
                <message>Failed: Error while waiting for Protractor to sync with the page: "both angularJS testability and angular testability are undefined.  This could be either because this is a non-angular page or because your test involves client-side navigation, which can interfere with Protractor's bootstrapping.  See http://git.io/v4gXM for details"</message>
                <stack-trace>Error: Error while waiting for Protractor to sync with the page: "both angularJS testability and angular testability are undefined.  This could be either because this is a non-angular page or because your test involves client-side navigation, which can interfere with Protractor's bootstrapping.  See http://git.io/v4gXM for details"
                    at C:\Users\RBT\AppData\Roaming\npm\node_modules\protractor\built\browser.js:461:23
                    at ManagedPromise.invokeCallback_ (C:\Users\RBT\AppData\Roaming\npm\node_modules\protractor\node_modules\selenium-webdriver\lib\promise.js:1376:14)
                    at TaskQueue.execute_ (C:\Users\RBT\AppData\Roaming\npm\node_modules\protractor\node_modules\selenium-webdriver\lib\promise.js:3084:14)
                    at TaskQueue.executeNext_ (C:\Users\RBT\AppData\Roaming\npm\node_modules\protractor\node_modules\selenium-webdriver\lib\promise.js:3067:27)
                    at C:\Users\RBT\AppData\Roaming\npm\node_modules\protractor\node_modules\selenium-webdriver\lib\promise.js:2927:27
                    at C:\Users\RBT\AppData\Roaming\npm\node_modules\protractor\node_modules\selenium-webdriver\lib\promise.js:668:7
                    at processTicksAndRejections (internal/process/task_queues.js:97:5)Error
                    at ElementArrayFinder.applyAction_ (C:\Users\RBT\AppData\Roaming\npm\node_modules\protractor\built\element.js:459:27)
                    at ElementArrayFinder.&lt;computed> [as isDisplayed] (C:\Users\RBT\AppData\Roaming\npm\node_modules\protractor\built\element.js:91:29)
                    at ElementFinder.&lt;computed> [as isDisplayed] (C:\Users\RBT\AppData\Roaming\npm\node_modules\protractor\built\element.js:831:22)
                    at search (E:\Protractor\03-10\Protractorframework\Reuseable\pgstackover.js:43:26)
                    at E:\Protractor\03-10\Protractorframework\Testcase\Smoke\product1vijaysales.js:17:9
                    at E:\Protractor\03-10\Protractorframework\node_modules\allure-js-commons\runtime.js:18:31
                    at UserContext.&lt;anonymous> (E:\Protractor\03-10\Protractorframework\Testcase\Smoke\product1vijaysales.js:18:10)
                    at C:\Users\RBT\AppData\Roaming\npm\node_modules\protractor\node_modules\jasminewd2\index.js:112:25
                    at new ManagedPromise (C:\Users\RBT\AppData\Roaming\npm\node_modules\protractor\node_modules\selenium-webdriver\lib\promise.js:1077:7)
                    at ControlFlow.promise (C:\Users\RBT\AppData\Roaming\npm\node_modules\protractor\node_modules\selenium-webdriver\lib\promise.js:2505:12)
                From: Task: Run it("My function") in control flow
                    at UserContext.&lt;anonymous> (C:\Users\RBT\AppData\Roaming\npm\node_modules\protractor\node_modules\jasminewd2\index.js:94:19)
                    at attempt (C:\Users\RBT\AppData\Roaming\npm\node_modules\protractor\node_modules\jasmine-core\lib\jasmine-core\jasmine.js:4297:26)
                    at QueueRunner.run (C:\Users\RBT\AppData\Roaming\npm\node_modules\protractor\node_modules\jasmine-core\lib\jasmine-core\jasmine.js:4217:20)
                    at QueueRunner.execute (C:\Users\RBT\AppData\Roaming\npm\node_modules\protractor\node_modules\jasmine-core\lib\jasmine-core\jasmine.js:4199:10)
                    at Spec.queueRunnerFactory (C:\Users\RBT\AppData\Roaming\npm\node_modules\protractor\node_modules\jasmine-core\lib\jasmine-core\jasmine.js:909:35)
                    at Spec.execute (C:\Users\RBT\AppData\Roaming\npm\node_modules\protractor\node_modules\jasmine-core\lib\jasmine-core\jasmine.js:526:10)
                    at UserContext.fn (C:\Users\RBT\AppData\Roaming\npm\node_modules\protractor\node_modules\jasmine-core\lib\jasmine-core\jasmine.js:5340:37)
                    at attempt (C:\Users\RBT\AppData\Roaming\npm\node_modules\protractor\node_modules\jasmine-core\lib\jasmine-core\jasmine.js:4297:26)
                    at QueueRunner.run (C:\Users\RBT\AppData\Roaming\npm\node_modules\protractor\node_modules\jasmine-core\lib\jasmine-core\jasmine.js:4217:20)
                    at runNext (C:\Users\RBT\AppData\Roaming\npm\node_modules\protractor\node_modules\jasmine-core\lib\jasmine-core\jasmine.js:4257:20)
                From asynchronous test: 
                Error
                    at E:\Protractor\03-10\Protractorframework\Testcase\Smoke\product1vijaysales.js:12:5
                    at Array.forEach (&lt;anonymous>)
                    at Suite.&lt;anonymous> (E:\Protractor\03-10\Protractorframework\Testcase\Smoke\product1vijaysales.js:11:21)
                    at addSpecsToSuite (C:\Users\RBT\AppData\Roaming\npm\node_modules\protractor\node_modules\jasmine-core\lib\jasmine-core\jasmine.js:1107:25)
                    at Env.describe (C:\Users\RBT\AppData\Roaming\npm\node_modules\protractor\node_modules\jasmine-core\lib\jasmine-core\jasmine.js:1074:7)
                    at describe (C:\Users\RBT\AppData\Roaming\npm\node_modules\protractor\node_modules\jasmine-core\lib\jasmine-core\jasmine.js:4399:18)
                    at Object.&lt;anonymous> (E:\Protractor\03-10\Protractorframework\Testcase\Smoke\product1vijaysales.js:4:1)
                    at Module._compile (internal/modules/cjs/loader.js:1133:30)
                    at Object.Module._extensions..js (internal/modules/cjs/loader.js:1153:10)</stack-trace>
            </failure>
        </test-case>
        <test-case start='1664806286833' status='failed' stop='1664806286948'>
            <name>encountered a declaration exception</name>
            <title>encountered a declaration exception</title>
            <labels/>
            <parameters/>
            <steps/>
            <attachments>
                <attachment title='Screenshot' source='95a95f97-06ac-4b4d-88a2-8e919d75ffc6-attachment.png' type='image/png' size='3480'/>
            </attachments>
            <failure>
                <message>Error: 'expect' was used when there was no current spec, this could be because an asynchronous test timed out</message>
                <stack-trace>Error: 'expect' was used when there was no current spec, this could be because an asynchronous test timed out
                    at Env.expect (C:\Users\RBT\AppData\Roaming\npm\node_modules\protractor\node_modules\jasmine-core\lib\jasmine-core\jasmine.js:1221:15)
                    at expect (C:\Users\RBT\AppData\Roaming\npm\node_modules\protractor\node_modules\jasmine-core\lib\jasmine-core\jasmine.js:4536:18)
                    at global.expect (C:\Users\RBT\AppData\Roaming\npm\node_modules\protractor\node_modules\jasminewd2\index.js:247:10)
                    at E:\Protractor\03-10\Protractorframework\Testcase\Smoke\product1vijaysales.js:29:9
                    at Array.forEach (&lt;anonymous>)
                    at Suite.&lt;anonymous> (E:\Protractor\03-10\Protractorframework\Testcase\Smoke\product1vijaysales.js:11:21)
                    at addSpecsToSuite (C:\Users\RBT\AppData\Roaming\npm\node_modules\protractor\node_modules\jasmine-core\lib\jasmine-core\jasmine.js:1107:25)
                    at Env.describe (C:\Users\RBT\AppData\Roaming\npm\node_modules\protractor\node_modules\jasmine-core\lib\jasmine-core\jasmine.js:1074:7)
                    at describe (C:\Users\RBT\AppData\Roaming\npm\node_modules\protractor\node_modules\jasmine-core\lib\jasmine-core\jasmine.js:4399:18)
                    at Object.&lt;anonymous> (E:\Protractor\03-10\Protractorframework\Testcase\Smoke\product1vijaysales.js:4:1)</stack-trace>
            </failure>
        </test-case>
    </test-cases>
</ns2:test-suite>