<?xml version='1.0'?>
<ns2:test-suite xmlns:ns2='urn:model.allure.qatools.yandex.ru' start='1665377698206' stop='1665377723378'>
    <name>My first non angular class</name>
    <title>My first non angular class</title>
    <test-cases>
        <test-case start='1665377698206' status='failed' stop='1665377702537'>
            <name>should navigate to stack overflow login page</name>
            <title>should navigate to stack overflow login page</title>
            <labels/>
            <parameters/>
            <steps/>
            <attachments/>
            <failure>
                <message>WebDriverError: chrome not reachable
                  (Session info: chrome=106.0.5249.103)
                  (Driver info: chromedriver=105.0.5195.52 (412c95e518836d8a7d97250d62b29c2ae6a26a85-refs/branch-heads/5195@{#853}),platform=Windows NT 10.0.19044 x86_64)</message>
                <stack-trace>WebDriverError: chrome not reachable
                  (Session info: chrome=106.0.5249.103)
                  (Driver info: chromedriver=105.0.5195.52 (412c95e518836d8a7d97250d62b29c2ae6a26a85-refs/branch-heads/5195@{#853}),platform=Windows NT 10.0.19044 x86_64)
                    at Object.checkLegacyResponse (C:\Users\RBT\AppData\Roaming\npm\node_modules\protractor\node_modules\selenium-webdriver\lib\error.js:546:15)
                    at parseHttpResponse (C:\Users\RBT\AppData\Roaming\npm\node_modules\protractor\node_modules\selenium-webdriver\lib\http.js:509:13)
                    at C:\Users\RBT\AppData\Roaming\npm\node_modules\protractor\node_modules\selenium-webdriver\lib\http.js:441:30
                    at processTicksAndRejections (internal/process/task_queues.js:97:5)
                From: Task: WebDriver.takeScreenshot()
                    at Driver.schedule (C:\Users\RBT\AppData\Roaming\npm\node_modules\protractor\node_modules\selenium-webdriver\lib\webdriver.js:807:17)
                    at Driver.takeScreenshot (C:\Users\RBT\AppData\Roaming\npm\node_modules\protractor\node_modules\selenium-webdriver\lib\webdriver.js:1085:17)
                    at run (C:\Users\RBT\AppData\Roaming\npm\node_modules\protractor\built\browser.js:58:33)
                    at ProtractorBrowser.to.&lt;computed> [as takeScreenshot] (C:\Users\RBT\AppData\Roaming\npm\node_modules\protractor\built\browser.js:66:16)
                    at UserContext.&lt;anonymous> (E:\Protractor\03-10\Protractorframework\Conf\conf.js:33:15)
                    at attempt (C:\Users\RBT\AppData\Roaming\npm\node_modules\protractor\node_modules\jasmine-core\lib\jasmine-core\jasmine.js:4297:26)
                    at QueueRunner.run (C:\Users\RBT\AppData\Roaming\npm\node_modules\protractor\node_modules\jasmine-core\lib\jasmine-core\jasmine.js:4217:20)
                    at runNext (C:\Users\RBT\AppData\Roaming\npm\node_modules\protractor\node_modules\jasmine-core\lib\jasmine-core\jasmine.js:4257:20)
                    at C:\Users\RBT\AppData\Roaming\npm\node_modules\protractor\node_modules\jasmine-core\lib\jasmine-core\jasmine.js:4264:13
                    at C:\Users\RBT\AppData\Roaming\npm\node_modules\protractor\node_modules\jasmine-core\lib\jasmine-core\jasmine.js:4172:9</stack-trace>
            </failure>
        </test-case>
        <test-case start='1665377702537' status='failed' stop='1665377723377'>
            <name>My function</name>
            <title>My function</title>
            <labels/>
            <parameters/>
            <steps>
                <step start='1665377702538' status='passed' stop='1665377702539'>
                    <name>verified that user able to search the products in search box</name>
                    <title>verified that user able to search the products in search box</title>
                    <attachments/>
                    <steps/>
                </step>
            </steps>
            <attachments/>
            <failure>
                <message>Failed: chrome not reachable
                  (Session info: chrome=106.0.5249.103)
                  (Driver info: chromedriver=105.0.5195.52 (412c95e518836d8a7d97250d62b29c2ae6a26a85-refs/branch-heads/5195@{#853}),platform=Windows NT 10.0.19044 x86_64)</message>
                <stack-trace>WebDriverError: chrome not reachable
                  (Session info: chrome=106.0.5249.103)
                  (Driver info: chromedriver=105.0.5195.52 (412c95e518836d8a7d97250d62b29c2ae6a26a85-refs/branch-heads/5195@{#853}),platform=Windows NT 10.0.19044 x86_64)
                    at Object.checkLegacyResponse (C:\Users\RBT\AppData\Roaming\npm\node_modules\protractor\node_modules\selenium-webdriver\lib\error.js:546:15)
                    at parseHttpResponse (C:\Users\RBT\AppData\Roaming\npm\node_modules\protractor\node_modules\selenium-webdriver\lib\http.js:509:13)
                    at C:\Users\RBT\AppData\Roaming\npm\node_modules\protractor\node_modules\selenium-webdriver\lib\http.js:441:30
                    at processTicksAndRejections (internal/process/task_queues.js:97:5)
                From: Task: WebDriver.findElements(By(xpath, //input[@name='ctl00$txtSearch']))
                    at Driver.schedule (C:\Users\RBT\AppData\Roaming\npm\node_modules\protractor\node_modules\selenium-webdriver\lib\webdriver.js:807:17)
                    at Driver.findElements (C:\Users\RBT\AppData\Roaming\npm\node_modules\protractor\node_modules\selenium-webdriver\lib\webdriver.js:1048:19)
                    at C:\Users\RBT\AppData\Roaming\npm\node_modules\protractor\built\element.js:159:44
                    at ManagedPromise.invokeCallback_ (C:\Users\RBT\AppData\Roaming\npm\node_modules\protractor\node_modules\selenium-webdriver\lib\promise.js:1376:14)
                    at TaskQueue.execute_ (C:\Users\RBT\AppData\Roaming\npm\node_modules\protractor\node_modules\selenium-webdriver\lib\promise.js:3084:14)
                    at TaskQueue.executeNext_ (C:\Users\RBT\AppData\Roaming\npm\node_modules\protractor\node_modules\selenium-webdriver\lib\promise.js:3067:27)
                    at C:\Users\RBT\AppData\Roaming\npm\node_modules\protractor\node_modules\selenium-webdriver\lib\promise.js:2927:27
                    at C:\Users\RBT\AppData\Roaming\npm\node_modules\protractor\node_modules\selenium-webdriver\lib\promise.js:668:7
                    at processTicksAndRejections (internal/process/task_queues.js:97:5)
                    at runNextTicks (internal/process/task_queues.js:66:3)Error
                    at ElementArrayFinder.applyAction_ (C:\Users\RBT\AppData\Roaming\npm\node_modules\protractor\built\element.js:459:27)
                    at ElementArrayFinder.&lt;computed> [as isDisplayed] (C:\Users\RBT\AppData\Roaming\npm\node_modules\protractor\built\element.js:91:29)
                    at ElementFinder.&lt;computed> [as isDisplayed] (C:\Users\RBT\AppData\Roaming\npm\node_modules\protractor\built\element.js:831:22)
                    at search (E:\Protractor\03-10\Protractorframework\Reuseable\pgstackover.js:43:26)
                    at E:\Protractor\03-10\Protractorframework\Testcase\Smoke\product1vijaysales.js:19:9
                    at Array.forEach (&lt;anonymous>)
                    at E:\Protractor\03-10\Protractorframework\Testcase\Smoke\product1vijaysales.js:18:19
                    at E:\Protractor\03-10\Protractorframework\node_modules\allure-js-commons\runtime.js:18:31
                    at UserContext.&lt;anonymous> (E:\Protractor\03-10\Protractorframework\Testcase\Smoke\product1vijaysales.js:21:10)
                    at C:\Users\RBT\AppData\Roaming\npm\node_modules\protractor\node_modules\jasminewd2\index.js:112:25
                From: Task: Run it("My function") in control flow
                    at UserContext.&lt;anonymous> (C:\Users\RBT\AppData\Roaming\npm\node_modules\protractor\node_modules\jasminewd2\index.js:94:19)
                    at attempt (C:\Users\RBT\AppData\Roaming\npm\node_modules\protractor\node_modules\jasmine-core\lib\jasmine-core\jasmine.js:4297:26)
                    at QueueRunner.run (C:\Users\RBT\AppData\Roaming\npm\node_modules\protractor\node_modules\jasmine-core\lib\jasmine-core\jasmine.js:4217:20)
                    at QueueRunner.execute (C:\Users\RBT\AppData\Roaming\npm\node_modules\protractor\node_modules\jasmine-core\lib\jasmine-core\jasmine.js:4199:10)
                    at Spec.queueRunnerFactory (C:\Users\RBT\AppData\Roaming\npm\node_modules\protractor\node_modules\jasmine-core\lib\jasmine-core\jasmine.js:909:35)
                    at Spec.execute (C:\Users\RBT\AppData\Roaming\npm\node_modules\protractor\node_modules\jasmine-core\lib\jasmine-core\jasmine.js:526:10)
                    at UserContext.fn (C:\Users\RBT\AppData\Roaming\npm\node_modules\protractor\node_modules\jasmine-core\lib\jasmine-core\jasmine.js:5340:37)
                    at attempt (C:\Users\RBT\AppData\Roaming\npm\node_modules\protractor\node_modules\jasmine-core\lib\jasmine-core\jasmine.js:4297:26)
                    at QueueRunner.run (C:\Users\RBT\AppData\Roaming\npm\node_modules\protractor\node_modules\jasmine-core\lib\jasmine-core\jasmine.js:4217:20)
                    at runNext (C:\Users\RBT\AppData\Roaming\npm\node_modules\protractor\node_modules\jasmine-core\lib\jasmine-core\jasmine.js:4257:20)
                From asynchronous test: 
                Error
                    at Suite.&lt;anonymous> (E:\Protractor\03-10\Protractorframework\Testcase\Smoke\product1vijaysales.js:12:5)
                    at addSpecsToSuite (C:\Users\RBT\AppData\Roaming\npm\node_modules\protractor\node_modules\jasmine-core\lib\jasmine-core\jasmine.js:1107:25)
                    at Env.describe (C:\Users\RBT\AppData\Roaming\npm\node_modules\protractor\node_modules\jasmine-core\lib\jasmine-core\jasmine.js:1074:7)
                    at describe (C:\Users\RBT\AppData\Roaming\npm\node_modules\protractor\node_modules\jasmine-core\lib\jasmine-core\jasmine.js:4399:18)
                    at Object.&lt;anonymous> (E:\Protractor\03-10\Protractorframework\Testcase\Smoke\product1vijaysales.js:4:1)
                    at Module._compile (internal/modules/cjs/loader.js:1133:30)
                    at Object.Module._extensions..js (internal/modules/cjs/loader.js:1153:10)
                    at Module.load (internal/modules/cjs/loader.js:977:32)
                    at Function.Module._load (internal/modules/cjs/loader.js:877:14)</stack-trace>
            </failure>
        </test-case>
    </test-cases>
</ns2:test-suite>